android_app/app/build/outputs/logs/manifest-merger-debug-report.txt
-- Merging decision tree log ---
manifest
ADDED from src/main/AndroidManifest.xml:2:1-81:12
INJECTED from src/main/AndroidManifest.xml:2:1-81:12
INJECTED from src/main/AndroidManifest.xml:2:1-81:12
INJECTED from src/main/AndroidManifest.xml:2:1-81:12
MERGED from [com.android.support:design:25.2.0] AndroidManifest.xml:17:1-27:12
MERGED from [com.android.support:appcompat-v7:25.2.0] AndroidManifest.xml:17:1-27:12
MERGED from [com.android.support:cardview-v7:23.4.0] AndroidManifest.xml:17:1-24:12
MERGED from [com.android.support:recyclerview-v7:25.2.0] AndroidManifest.xml:17:1-22:12
MERGED from [com.android.support.constraint:constraint-layout:1.1.3] AndroidManifest.xml:2:1-11:12
MERGED from [com.android.support:transition:25.2.0] AndroidManifest.xml:17:1-24:12
MERGED from [com.android.support:support-v4:25.2.0] AndroidManifest.xml:17:1-27:12
MERGED from [com.android.support:animated-vector-drawable:25.2.0] AndroidManifest.xml:17:1-24:12
MERGED from [com.android.support:support-vector-drawable:25.2.0] AndroidManifest.xml:17:1-25:12
MERGED from [com.android.support:support-fragment:25.2.0] AndroidManifest.xml:17:1-27:12
MERGED from [com.android.support:support-media-compat:25.2.0] AndroidManifest.xml:17:1-27:12
MERGED from [com.android.support:support-core-utils:25.2.0] AndroidManifest.xml:17:1-27:12
MERGED from [com.android.support:support-core-ui:25.2.0] AndroidManifest.xml:17:1-27:12
MERGED from [com.android.support:support-compat:25.2.0] AndroidManifest.xml:17:1-27:12
INJECTED from src/main/AndroidManifest.xml:2:1-81:12
INJECTED from src/main/AndroidManifest.xml:2:1-81:12
INJECTED from src/main/AndroidManifest.xml:2:1-81:12
	package
		ADDED from src/main/AndroidManifest.xml:3:5-67
		INJECTED from src/main/AndroidManifest.xml
		INJECTED from src/main/AndroidManifest.xml
	android:versionName
		INJECTED from src/main/AndroidManifest.xml
		ADDED from src/main/AndroidManifest.xml:2:1-81:12
		INJECTED from src/main/AndroidManifest.xml
	android:versionCode
		INJECTED from src/main/AndroidManifest.xml
		ADDED from src/main/AndroidManifest.xml:2:1-81:12
		INJECTED from src/main/AndroidManifest.xml
	xmlns:android
		ADDED from src/main/AndroidManifest.xml:2:11-69
uses-permission#android.permission.INTERNET
ADDED from src/main/AndroidManifest.xml:5:5-67
	android:name
		ADDED from src/main/AndroidManifest.xml:5:22-64
uses-permission#android.permission.ACCESS_NETWORK_STATE
ADDED from src/main/AndroidManifest.xml:6:5-79
	android:name
		ADDED from src/main/AndroidManifest.xml:6:22-76
uses-permission#android.permission.ACCESS_WIFI_STATE
ADDED from src/main/AndroidManifest.xml:7:5-76
	android:name
		ADDED from src/main/AndroidManifest.xml:7:22-73
application
ADDED from src/main/AndroidManifest.xml:9:5-79:19
MERGED from [com.android.support:design:25.2.0] AndroidManifest.xml:25:5-20
MERGED from [com.android.support:design:25.2.0] AndroidManifest.xml:25:5-20
MERGED from [com.android.support:appcompat-v7:25.2.0] AndroidManifest.xml:25:5-20
MERGED from [com.android.support:appcompat-v7:25.2.0] AndroidManifest.xml:25:5-20
MERGED from [com.android.support:cardview-v7:23.4.0] AndroidManifest.xml:22:5-20
MERGED from [com.android.support:cardview-v7:23.4.0] AndroidManifest.xml:22:5-20
MERGED from [com.android.support.constraint:constraint-layout:1.1.3] AndroidManifest.xml:9:5-20
MERGED from [com.android.support.constraint:constraint-layout:1.1.3] AndroidManifest.xml:9:5-20
MERGED from [com.android.support:transition:25.2.0] AndroidManifest.xml:22:5-20
MERGED from [com.android.support:transition:25.2.0] AndroidManifest.xml:22:5-20
MERGED from [com.android.support:support-v4:25.2.0] AndroidManifest.xml:25:5-20
MERGED from [com.android.support:support-v4:25.2.0] AndroidManifest.xml:25:5-20
MERGED from [com.android.support:animated-vector-drawable:25.2.0] AndroidManifest.xml:22:5-20
MERGED from [com.android.support:animated-vector-drawable:25.2.0] AndroidManifest.xml:22:5-20
MERGED from [com.android.support:support-vector-drawable:25.2.0] AndroidManifest.xml:23:5-20
MERGED from [com.android.support:support-vector-drawable:25.2.0] AndroidManifest.xml:23:5-20
MERGED from [com.android.support:support-fragment:25.2.0] AndroidManifest.xml:25:5-20
MERGED from [com.android.support:support-fragment:25.2.0] AndroidManifest.xml:25:5-20
MERGED from [com.android.support:support-media-compat:25.2.0] AndroidManifest.xml:25:5-20
MERGED from [com.android.support:support-media-compat:25.2.0] AndroidManifest.xml:25:5-20
MERGED from [com.android.support:support-core-utils:25.2.0] AndroidManifest.xml:25:5-20
MERGED from [com.android.support:support-core-utils:25.2.0] AndroidManifest.xml:25:5-20
MERGED from [com.android.support:support-core-ui:25.2.0] AndroidManifest.xml:25:5-20
MERGED from [com.android.support:support-core-ui:25.2.0] AndroidManifest.xml:25:5-20
MERGED from [com.android.support:support-compat:25.2.0] AndroidManifest.xml:25:5-20
MERGED from [com.android.support:support-compat:25.2.0] AndroidManifest.xml:25:5-20
	android:supportsRtl
		ADDED from src/main/AndroidManifest.xml:13:9-35
	android:label
		ADDED from src/main/AndroidManifest.xml:12:9-41
	android:icon
		ADDED from src/main/AndroidManifest.xml:11:9-39
	android:allowBackup
		ADDED from src/main/AndroidManifest.xml:10:9-35
	android:theme
		ADDED from src/main/AndroidManifest.xml:14:9-40
activity#com.amazonaws.youruserpools.CertProvisionActivity
ADDED from src/main/AndroidManifest.xml:15:9-18:68
	android:label
		ADDED from src/main/AndroidManifest.xml:17:13-66
	android:theme
		ADDED from src/main/AndroidManifest.xml:18:13-56
	android:name
		ADDED from src/main/AndroidManifest.xml:16:13-77
activity#com.amazonaws.youruserpools.MainActivity
ADDED from src/main/AndroidManifest.xml:19:9-27:20
	android:theme
		ADDED from src/main/AndroidManifest.xml:21:13-56
	android:name
		ADDED from src/main/AndroidManifest.xml:20:13-68
intent-filter#action:name:android.intent.action.MAIN+category:name:android.intent.category.LAUNCHER
ADDED from src/main/AndroidManifest.xml:22:13-26:29
action#android.intent.action.MAIN
ADDED from src/main/AndroidManifest.xml:23:17-69
	android:name
		ADDED from src/main/AndroidManifest.xml:23:25-66
category#android.intent.category.LAUNCHER
ADDED from src/main/AndroidManifest.xml:25:17-77
	android:name
		ADDED from src/main/AndroidManifest.xml:25:27-74
activity#com.amazonaws.youruserpools.UserActivity
ADDED from src/main/AndroidManifest.xml:28:9-31:59
	android:label
		ADDED from src/main/AndroidManifest.xml:30:13-56
	android:theme
		ADDED from src/main/AndroidManifest.xml:31:13-56
	android:name
		ADDED from src/main/AndroidManifest.xml:29:13-68
activity#com.amazonaws.youruserpools.RegisterUser
ADDED from src/main/AndroidManifest.xml:32:9-34:59
	android:theme
		ADDED from src/main/AndroidManifest.xml:34:13-56
	android:name
		ADDED from src/main/AndroidManifest.xml:33:13-68
activity#com.amazonaws.youruserpools.AboutApp
ADDED from src/main/AndroidManifest.xml:35:9-38:59
	android:label
		ADDED from src/main/AndroidManifest.xml:37:13-61
	android:theme
		ADDED from src/main/AndroidManifest.xml:38:13-56
	android:name
		ADDED from src/main/AndroidManifest.xml:36:13-64
activity#com.amazonaws.youruserpools.SignUpConfirm
ADDED from src/main/AndroidManifest.xml:39:9-42:59
	android:label
		ADDED from src/main/AndroidManifest.xml:41:13-67
	android:theme
		ADDED from src/main/AndroidManifest.xml:42:13-56
	android:name
		ADDED from src/main/AndroidManifest.xml:40:13-69
activity#com.amazonaws.youruserpools.MFAActivity
ADDED from src/main/AndroidManifest.xml:43:9-46:59
	android:label
		ADDED from src/main/AndroidManifest.xml:45:13-55
	android:theme
		ADDED from src/main/AndroidManifest.xml:46:13-56
	android:name
		ADDED from src/main/AndroidManifest.xml:44:13-67
activity#com.amazonaws.youruserpools.ForgotPasswordActivity
ADDED from src/main/AndroidManifest.xml:47:9-50:59
	android:label
		ADDED from src/main/AndroidManifest.xml:49:13-67
	android:theme
		ADDED from src/main/AndroidManifest.xml:50:13-56
	android:name
		ADDED from src/main/AndroidManifest.xml:48:13-78
activity#com.amazonaws.youruserpools.SettingsActivity
ADDED from src/main/AndroidManifest.xml:51:9-54:59
	android:label
		ADDED from src/main/AndroidManifest.xml:53:13-60
	android:theme
		ADDED from src/main/AndroidManifest.xml:54:13-56
	android:name
		ADDED from src/main/AndroidManifest.xml:52:13-72
activity#com.amazonaws.youruserpools.ChangePasswordActivity
ADDED from src/main/AndroidManifest.xml:55:9-58:59
	android:label
		ADDED from src/main/AndroidManifest.xml:57:13-67
	android:theme
		ADDED from src/main/AndroidManifest.xml:58:13-56
	android:name
		ADDED from src/main/AndroidManifest.xml:56:13-78
activity#com.amazonaws.youruserpools.VerifyActivity
ADDED from src/main/AndroidManifest.xml:59:9-62:59
	android:label
		ADDED from src/main/AndroidManifest.xml:61:13-58
	android:theme
		ADDED from src/main/AndroidManifest.xml:62:13-56
	android:name
		ADDED from src/main/AndroidManifest.xml:60:13-70
activity#com.amazonaws.youruserpools.AddAttributeActivity
ADDED from src/main/AndroidManifest.xml:63:9-66:59
	android:label
		ADDED from src/main/AndroidManifest.xml:65:13-65
	android:theme
		ADDED from src/main/AndroidManifest.xml:66:13-56
	android:name
		ADDED from src/main/AndroidManifest.xml:64:13-76
activity#com.amazonaws.youruserpools.DeviceSettings
ADDED from src/main/AndroidManifest.xml:67:9-70:59
	android:label
		ADDED from src/main/AndroidManifest.xml:69:13-67
	android:theme
		ADDED from src/main/AndroidManifest.xml:70:13-56
	android:name
		ADDED from src/main/AndroidManifest.xml:68:13-70
activity#com.amazonaws.youruserpools.NewPassword
ADDED from src/main/AndroidManifest.xml:71:9-74:59
	android:label
		ADDED from src/main/AndroidManifest.xml:73:13-64
	android:theme
		ADDED from src/main/AndroidManifest.xml:74:13-56
	android:name
		ADDED from src/main/AndroidManifest.xml:72:13-67
activity#com.amazonaws.youruserpools.ChooseMFA
ADDED from src/main/AndroidManifest.xml:75:9-78:59
	android:label
		ADDED from src/main/AndroidManifest.xml:77:13-62
	android:theme
		ADDED from src/main/AndroidManifest.xml:78:13-56
	android:name
		ADDED from src/main/AndroidManifest.xml:76:13-65
uses-sdk
INJECTED from src/main/AndroidManifest.xml reason: use-sdk injection requested
INJECTED from src/main/AndroidManifest.xml
INJECTED from src/main/AndroidManifest.xml
MERGED from [com.android.support:design:25.2.0] AndroidManifest.xml:21:5-23:62
MERGED from [com.android.support:design:25.2.0] AndroidManifest.xml:21:5-23:62
MERGED from [com.android.support:appcompat-v7:25.2.0] AndroidManifest.xml:21:5-23:78
MERGED from [com.android.support:appcompat-v7:25.2.0] AndroidManifest.xml:21:5-23:78
MERGED from [com.android.support:cardview-v7:23.4.0] AndroidManifest.xml:20:5-43
MERGED from [com.android.support:cardview-v7:23.4.0] AndroidManifest.xml:20:5-43
MERGED from [com.android.support:recyclerview-v7:25.2.0] AndroidManifest.xml:20:5-43
MERGED from [com.android.support:recyclerview-v7:25.2.0] AndroidManifest.xml:20:5-43
MERGED from [com.android.support.constraint:constraint-layout:1.1.3] AndroidManifest.xml:5:5-7:41
MERGED from [com.android.support.constraint:constraint-layout:1.1.3] AndroidManifest.xml:5:5-7:41
MERGED from [com.android.support:transition:25.2.0] AndroidManifest.xml:20:5-44
MERGED from [com.android.support:transition:25.2.0] AndroidManifest.xml:20:5-44
MERGED from [com.android.support:support-v4:25.2.0] AndroidManifest.xml:21:5-23:54
MERGED from [com.android.support:support-v4:25.2.0] AndroidManifest.xml:21:5-23:54
MERGED from [com.android.support:animated-vector-drawable:25.2.0] AndroidManifest.xml:20:5-44
MERGED from [com.android.support:animated-vector-drawable:25.2.0] AndroidManifest.xml:20:5-44
MERGED from [com.android.support:support-vector-drawable:25.2.0] AndroidManifest.xml:21:5-43
MERGED from [com.android.support:support-vector-drawable:25.2.0] AndroidManifest.xml:21:5-43
MERGED from [com.android.support:support-fragment:25.2.0] AndroidManifest.xml:21:5-23:60
MERGED from [com.android.support:support-fragment:25.2.0] AndroidManifest.xml:21:5-23:60
MERGED from [com.android.support:support-media-compat:25.2.0] AndroidManifest.xml:21:5-23:63
MERGED from [com.android.support:support-media-compat:25.2.0] AndroidManifest.xml:21:5-23:63
MERGED from [com.android.support:support-core-utils:25.2.0] AndroidManifest.xml:21:5-23:61
MERGED from [com.android.support:support-core-utils:25.2.0] AndroidManifest.xml:21:5-23:61
MERGED from [com.android.support:support-core-ui:25.2.0] AndroidManifest.xml:21:5-23:58
MERGED from [com.android.support:support-core-ui:25.2.0] AndroidManifest.xml:21:5-23:58
MERGED from [com.android.support:support-compat:25.2.0] AndroidManifest.xml:21:5-23:58
MERGED from [com.android.support:support-compat:25.2.0] AndroidManifest.xml:21:5-23:58
INJECTED from src/main/AndroidManifest.xml
INJECTED from src/main/AndroidManifest.xml
	tools:overrideLibrary
		ADDED from [com.android.support:design:25.2.0] AndroidManifest.xml:23:9-59
	android:targetSdkVersion
		INJECTED from src/main/AndroidManifest.xml
		ADDED from src/main/AndroidManifest.xml
		INJECTED from src/main/AndroidManifest.xml
	android:minSdkVersion
		INJECTED from src/main/AndroidManifest.xml
		ADDED from src/main/AndroidManifest.xml
		INJECTED from src/main/AndroidManifest.xml